2025-02-27 16:05:15.248: [INFO] VisibilityChanged: 0
2025-02-27 16:05:15.324: [INFO] RecordSyncInitDurationhas_sync_been_enabled: 0 state: 0
2025-02-27 16:05:15.325: [INFO] RecordSyncInitDurationhas_sync_been_enabled: 0 state: 0
2025-02-27 16:05:15.325: [INFO] RecordSyncInitDurationhas_sync_been_enabled: 0 state: 0
2025-02-27 16:05:15.325: [INFO] RecordSyncInitDurationhas_sync_been_enabled: 0 state: 0
2025-02-27 16:05:15.326: [INFO] RecordSyncInitDurationhas_sync_been_enabled: 0 state: 0
2025-02-27 16:05:15.326: [INFO] RecordSyncInitDurationhas_sync_been_enabled: 0 state: 0
2025-02-27 16:05:15.326: [INFO] RecordSyncInitDurationhas_sync_been_enabled: 0 state: 0
2025-02-27 16:05:15.326: [INFO] RecordSyncInitDurationhas_sync_been_enabled: 0 state: 0
2025-02-27 16:05:15.327: [INFO] RecordSyncInitDurationhas_sync_been_enabled: 0 state: 0
2025-02-27 16:05:15.327: [INFO] RecordSyncInitDurationhas_sync_been_enabled: 0 state: 0
2025-02-27 16:05:15.327: [INFO] RecordSyncInitDurationhas_sync_been_enabled: 0 state: 0
2025-02-27 16:05:15.338: [INFO] BookmarkModelLoaded, ids_reassigned: 0
2025-02-27 16:05:15.338: [INFO] OnDoneLoading sync enabled: 0
2025-02-27 16:05:15.343: [INFO] RecordSyncInitDurationhas_sync_been_enabled: 0 state: 0
2025-02-27 16:05:15.506: [INFO] Primary account changed.
2025-02-27 16:05:15.506: [INFO] OnPrimaryAccountChangedPrimaryAccountChangeEvent::Type::kSet
2025-02-27 16:05:15.509: [INFO] RecordSyncInitDurationhas_sync_been_enabled: 0 state: 3
2025-02-27 16:05:15.511: [INFO] RecordSyncInitDurationhas_sync_been_enabled: 0 state: 3
2025-02-27 16:05:19.918: [INFO] BookmarkNodeAdded, ABU: 0
2025-02-27 16:05:19.919: [INFO] BookmarkNodeAdded, ABU: 0
2025-02-27 16:05:19.919: [INFO] BookmarkNodeAdded, ABU: 0
2025-02-27 16:05:19.919: [INFO] BookmarkNodeAdded, ABU: 0
2025-02-27 16:05:19.919: [INFO] BookmarkNodeAdded, ABU: 0
2025-02-27 16:05:19.919: [INFO] BookmarkNodeAdded, ABU: 0
2025-02-27 16:05:19.919: [INFO] BookmarkNodeAdded, ABU: 0
2025-02-27 16:05:19.919: [INFO] BookmarkNodeAdded, ABU: 0
2025-02-27 16:05:19.919: [INFO] BookmarkNodeAdded, ABU: 0
2025-02-27 16:05:19.919: [INFO] BookmarkNodeAdded, ABU: 0
2025-02-27 16:05:20.932: [INFO] Sync initialization duration: 4895ms
