{"logTime": "0227/160518", "correlationVector":"OOmVUX6I/2TOTfar6X1N5L.1","action":"SyncServerConnectionManagerRequest", "result":"SYNC_SERVER_OK", "context":{"environment":"Prod_southeastasia_prod-s01-064-apac-southeastasia", "migrationStage":"NotStarted", "server":"akswtt00500003j"}}
{"logTime": "0227/160518", "correlationVector":"OOmVUX6I/2TOTfar6X1N5L.2","action":"ProcessGetUpdates", "result":"Done", "context":{"dataType":"Encryption Keys", "deleted":"0", "process_failed_to_decrypt":"0", "process_pending_decryption":"0", "process_success":"1", "total":"1"}}
{"logTime": "0227/160519", "correlationVector":"0qsSuEDzNTgJwVO+0HxLGh","action":"SyncServerConnectionManagerRequest", "result":"SYNC_SERVER_OK", "context":{"environment":"", "migrationStage":"", "server":""}}
{"logTime": "0227/160519", "correlationVector":"OOmVUX6I/2TOTfar6X1N5L","action":"Initial GetUpdates", "result":"", "context":Reason: NEW_CLIENT. cV=OOmVUX6I/2TOTfar6X1N5L}
{"logTime": "0227/160519", "correlationVector":"OOmVUX6I/2TOTfar6X1N5L.3","action":"GetUpdates Response", "result":"Success", "context":Received 1 update(s). cV=OOmVUX6I/2TOTfar6X1N5L.0;server=akswtt00500003j;cloudType=Consumer;environment=Prod_southeastasia_prod-s01-064-apac-southeastasia;migrationStage=NotStarted}
{"logTime": "0227/160519", "correlationVector":"r0pLDEiry/jHZFpHNHRIGY","action":"Initial GetUpdates", "result":"", "context":Reason: NEWLY_SUPPORTED_DATATYPE. cV=r0pLDEiry/jHZFpHNHRIGY}
{"logTime": "0227/160519", "correlationVector":"r0pLDEiry/jHZFpHNHRIGY.1","action":"SyncServerConnectionManagerRequest", "result":"SYNC_SERVER_OK", "context":{"environment":"Prod_southeastasia_prod-s01-064-apac-southeastasia", "migrationStage":"NotStarted", "server":"akswtt00500001r"}}
{"logTime": "0227/160519", "correlationVector":"r0pLDEiry/jHZFpHNHRIGY.2","action":"ProcessGetUpdates", "result":"Done", "context":{"dataType":"Preferences", "deleted":"0", "process_failed_to_decrypt":"0", "process_pending_decryption":"0", "process_success":"57", "total":"57"}}
{"logTime": "0227/160519", "correlationVector":"r0pLDEiry/jHZFpHNHRIGY.3","action":"ProcessGetUpdates", "result":"Done", "context":{"dataType":"Passwords", "deleted":"0", "process_failed_to_decrypt":"0", "process_pending_decryption":"0", "process_success":"65", "total":"65"}}
{"logTime": "0227/160519", "correlationVector":"r0pLDEiry/jHZFpHNHRIGY.4","action":"ProcessGetUpdates", "result":"Done", "context":{"dataType":"Device Info", "deleted":"0", "process_failed_to_decrypt":"0", "process_pending_decryption":"0", "process_success":"1", "total":"1"}}
{"logTime": "0227/160519", "correlationVector":"r0pLDEiry/jHZFpHNHRIGY.5","action":"GetUpdates Response", "result":"Success", "context":Received 123 update(s). cV=r0pLDEiry/jHZFpHNHRIGY.0;server=akswtt00500001r;cloudType=Consumer;environment=Prod_southeastasia_prod-s01-064-apac-southeastasia;migrationStage=NotStarted}
{"logTime": "0227/160519", "correlationVector":"8iHduG+UKOKu6x2LuDJroj","action":"Initial GetUpdates", "result":"", "context":Reason: NEWLY_SUPPORTED_DATATYPE. cV=8iHduG+UKOKu6x2LuDJroj}
{"logTime": "0227/160519", "correlationVector":"8iHduG+UKOKu6x2LuDJroj.1","action":"SyncServerConnectionManagerRequest", "result":"SYNC_SERVER_OK", "context":{"environment":"Prod_southeastasia_prod-s01-064-apac-southeastasia", "migrationStage":"NotStarted", "server":"akswtt005000014"}}
{"logTime": "0227/160519", "correlationVector":"8iHduG+UKOKu6x2LuDJroj.2","action":"ProcessGetUpdates", "result":"Done", "context":{"dataType":"Bookmarks", "deleted":"2", "process_failed_to_decrypt":"0", "process_pending_decryption":"0", "process_success":"17", "total":"17"}}
{"logTime": "0227/160519", "correlationVector":"8iHduG+UKOKu6x2LuDJroj.3","action":"GetUpdates Response", "result":"Success", "context":Received 17 update(s). cV=8iHduG+UKOKu6x2LuDJroj.0;server=akswtt005000014;cloudType=Consumer;environment=Prod_southeastasia_prod-s01-064-apac-southeastasia;migrationStage=NotStarted}
{"logTime": "0227/160519", "correlationVector":"ljmuzDHNWkKQobQ/IzIFkz","action":"Initial GetUpdates", "result":"", "context":Reason: NEWLY_SUPPORTED_DATATYPE. cV=ljmuzDHNWkKQobQ/IzIFkz}
{"logTime": "0227/160520", "correlationVector":"ljmuzDHNWkKQobQ/IzIFkz.1","action":"SyncServerConnectionManagerRequest", "result":"SYNC_SERVER_OK", "context":{"environment":"Prod_southeastasia_prod-s01-064-apac-southeastasia", "migrationStage":"NotStarted", "server":"akswtt00500001p"}}
{"logTime": "0227/160520", "correlationVector":"ljmuzDHNWkKQobQ/IzIFkz.2","action":"ProcessGetUpdates", "result":"Done", "context":{"dataType":"Autofill Profiles", "deleted":"0", "process_failed_to_decrypt":"0", "process_pending_decryption":"0", "process_success":"1", "total":"1"}}
{"logTime": "0227/160520", "correlationVector":"ljmuzDHNWkKQobQ/IzIFkz.3","action":"ProcessGetUpdates", "result":"Done", "context":{"dataType":"Autofill", "deleted":"0", "process_failed_to_decrypt":"0", "process_pending_decryption":"0", "process_success":"214", "total":"214"}}
{"logTime": "0227/160520", "correlationVector":"ljmuzDHNWkKQobQ/IzIFkz.4","action":"ProcessGetUpdates", "result":"Done", "context":{"dataType":"Sessions", "deleted":"33", "process_failed_to_decrypt":"0", "process_pending_decryption":"0", "process_success":"33", "total":"33"}}
{"logTime": "0227/160520", "correlationVector":"ljmuzDHNWkKQobQ/IzIFkz.5","action":"ProcessGetUpdates", "result":"Done", "context":{"dataType":"Edge Hub App Usage", "deleted":"1", "process_failed_to_decrypt":"0", "process_pending_decryption":"0", "process_success":"2", "total":"2"}}
{"logTime": "0227/160520", "correlationVector":"ljmuzDHNWkKQobQ/IzIFkz.6","action":"GetUpdates Response", "result":"Success", "context":Received 250 update(s). cV=ljmuzDHNWkKQobQ/IzIFkz.0;server=akswtt00500001p;cloudType=Consumer;environment=Prod_southeastasia_prod-s01-064-apac-southeastasia;migrationStage=NotStarted Some updates remain.}
{"logTime": "0227/160520", "correlationVector":"twXH56lBPwE8js4VUiJrqk","action":"Initial GetUpdates", "result":"", "context":Reason: NEWLY_SUPPORTED_DATATYPE. cV=twXH56lBPwE8js4VUiJrqk}
{"logTime": "0227/160520", "correlationVector":"twXH56lBPwE8js4VUiJrqk.1","action":"SyncServerConnectionManagerRequest", "result":"SYNC_SERVER_OK", "context":{"environment":"Prod_southeastasia_prod-s01-064-apac-southeastasia", "migrationStage":"NotStarted", "server":"akswtt00500002l"}}
{"logTime": "0227/160520", "correlationVector":"twXH56lBPwE8js4VUiJrqk.2","action":"ProcessGetUpdates", "result":"Done", "context":{"dataType":"Autofill Profiles", "deleted":"0", "process_failed_to_decrypt":"0", "process_pending_decryption":"0", "process_success":"1", "total":"1"}}
{"logTime": "0227/160520", "correlationVector":"twXH56lBPwE8js4VUiJrqk.3","action":"ProcessGetUpdates", "result":"Done", "context":{"dataType":"Autofill", "deleted":"0", "process_failed_to_decrypt":"0", "process_pending_decryption":"0", "process_success":"44", "total":"44"}}
{"logTime": "0227/160520", "correlationVector":"twXH56lBPwE8js4VUiJrqk.4","action":"ProcessGetUpdates", "result":"Done", "context":{"dataType":"Extensions", "deleted":"0", "process_failed_to_decrypt":"0", "process_pending_decryption":"0", "process_success":"1", "total":"1"}}
{"logTime": "0227/160520", "correlationVector":"twXH56lBPwE8js4VUiJrqk.5","action":"ProcessGetUpdates", "result":"Done", "context":{"dataType":"Sessions", "deleted":"26", "process_failed_to_decrypt":"0", "process_pending_decryption":"0", "process_success":"28", "total":"28"}}
{"logTime": "0227/160520", "correlationVector":"twXH56lBPwE8js4VUiJrqk.6","action":"ProcessGetUpdates", "result":"Done", "context":{"dataType":"Edge Hub App Usage", "deleted":"7", "process_failed_to_decrypt":"0", "process_pending_decryption":"0", "process_success":"9", "total":"9"}}
{"logTime": "0227/160520", "correlationVector":"twXH56lBPwE8js4VUiJrqk.7","action":"GetUpdates Response", "result":"Success", "context":Received 83 update(s). cV=twXH56lBPwE8js4VUiJrqk.0;server=akswtt00500002l;cloudType=Consumer;environment=Prod_southeastasia_prod-s01-064-apac-southeastasia;migrationStage=NotStarted}
{"logTime": "0227/160520", "correlationVector":"ikj2n86fzPTsnmoZbj719E","action":"Initial GetUpdates", "result":"", "context":Reason: NEWLY_SUPPORTED_DATATYPE. cV=ikj2n86fzPTsnmoZbj719E}
{"logTime": "0227/160521", "correlationVector":"ikj2n86fzPTsnmoZbj719E.1","action":"SyncServerConnectionManagerRequest", "result":"SYNC_SERVER_OK", "context":{"environment":"Prod_southeastasia_prod-s01-064-apac-southeastasia", "migrationStage":"NotStarted", "server":"akswtt00500001z"}}
{"logTime": "0227/160521", "correlationVector":"ikj2n86fzPTsnmoZbj719E.2","action":"GetUpdates Response", "result":"Success", "context":Received 0 update(s). cV=ikj2n86fzPTsnmoZbj719E.0;server=akswtt00500001z;cloudType=Consumer;environment=Prod_southeastasia_prod-s01-064-apac-southeastasia;migrationStage=NotStarted}
{"logTime": "0227/160521", "correlationVector":"NiaPDM7ecUW0SRO64C5ykW","action":"Normal GetUpdate request", "result":"", "context":cV=NiaPDM7ecUW0SRO64C5ykW
Nudged types: Sessions, Device Info, User Consents
Refresh requested types: Bookmarks, Preferences, Passwords, Autofill Profiles, Autofill, Extensions, Sessions, Extension settings, History Delete Directives, Device Info, User Consents, Send Tab To Self, Web Apps, History, Collection, Edge E Drop, Edge Hub App Usage, Edge Tab Group, Edge Wallet, Encryption Keys}
{"logTime": "0227/160521", "correlationVector":"NiaPDM7ecUW0SRO64C5ykW.1","action":"SyncServerConnectionManagerRequest", "result":"SYNC_SERVER_OK", "context":{"environment":"Prod_southeastasia_prod-s01-064-apac-southeastasia", "migrationStage":"NotStarted", "server":"akswtt00500001z"}}
{"logTime": "0227/160521", "correlationVector":"NiaPDM7ecUW0SRO64C5ykW.2","action":"GetUpdates Response", "result":"Success", "context":Received 0 update(s). cV=NiaPDM7ecUW0SRO64C5ykW.0;server=akswtt00500001z;cloudType=Consumer;environment=Prod_southeastasia_prod-s01-064-apac-southeastasia;migrationStage=NotStarted}
{"logTime": "0227/160521", "correlationVector":"ileSLCFES+bmAJES7ITHng","action":"DoCompareDataConsistency requsted types: ", "result":"Bookmarks, Preferences, Passwords, Extensions, Extension settings, History Delete Directives, Send Tab To Self, Web Apps, History, Collection, Edge E Drop, Edge Tab Group, Edge Wallet, Encryption Keys"}
{"logTime": "0227/160521", "correlationVector":"ileSLCFES+bmAJES7ITHng.0","action":"CompareDataConsistency result: ", "result":"Compare result: Encryption Keys is consistent. local entities count is: 1 local entities hash is: jENovjhSmIjSJisJza2+iHryPrc="}
{"logTime": "0227/160521", "correlationVector":"ileSLCFES+bmAJES7ITHng.1","action":"CompareDataConsistency result: ", "result":"Compare result: Bookmarks is consistent. local entities count is: 10 local entities hash is: jyEKfwiVHQenQzesa7eg+IyeCsA="}
{"logTime": "0227/160521", "correlationVector":"ileSLCFES+bmAJES7ITHng.2","action":"CompareDataConsistency result: ", "result":"Compare result: Preferences is consistent. local entities count is: 57 local entities hash is: Z3zl3a4CK4AKwQV0dVsxQjhq0M8="}
{"logTime": "0227/160521", "correlationVector":"ileSLCFES+bmAJES7ITHng.3","action":"CompareDataConsistency result: ", "result":"Compare result: Extensions is consistent. local entities count is: 1 local entities hash is: +HoowHyAGuI154Bx34xkTFTlTK0="}
{"logTime": "0227/160521", "correlationVector":"ileSLCFES+bmAJES7ITHng.4","action":"CompareDataConsistency result: ", "result":"Compare result: Extension settings is consistent. local entities count is: 0 local entities hash is: "}
{"logTime": "0227/160521", "correlationVector":"ileSLCFES+bmAJES7ITHng.5","action":"CompareDataConsistency result: ", "result":"Compare result: History Delete Directives is consistent. local entities count is: 0 local entities hash is: "}
{"logTime": "0227/160521", "correlationVector":"ileSLCFES+bmAJES7ITHng.6","action":"CompareDataConsistency result: ", "result":"Server did not send this Send Tab To Self local entities count is: 0 local entities hash is: "}
{"logTime": "0227/160521", "correlationVector":"ileSLCFES+bmAJES7ITHng.7","action":"CompareDataConsistency result: ", "result":"Compare result: Web Apps is consistent. local entities count is: 0 local entities hash is: "}
{"logTime": "0227/160521", "correlationVector":"ileSLCFES+bmAJES7ITHng.8","action":"CompareDataConsistency result: ", "result":"Server did not send this History local entities count is: 0 local entities hash is: "}
{"logTime": "0227/160521", "correlationVector":"ileSLCFES+bmAJES7ITHng.9","action":"CompareDataConsistency result: ", "result":"Compare result: Collection is consistent. local entities count is: 0 local entities hash is: "}
{"logTime": "0227/160521", "correlationVector":"ileSLCFES+bmAJES7ITHng.10","action":"CompareDataConsistency result: ", "result":"Compare result: Edge E Drop is consistent. local entities count is: 0 local entities hash is: "}
{"logTime": "0227/160521", "correlationVector":"ileSLCFES+bmAJES7ITHng.11","action":"CompareDataConsistency result: ", "result":"Compare result: Edge Tab Group is consistent. local entities count is: 0 local entities hash is: "}
{"logTime": "0227/160521", "correlationVector":"ileSLCFES+bmAJES7ITHng.12","action":"CompareDataConsistency result: ", "result":"Compare result: Edge Wallet is consistent. local entities count is: 0 local entities hash is: "}
{"logTime": "0227/160521", "correlationVector":"ileSLCFES+bmAJES7ITHng.13","action":"CompareDataConsistency result: ", "result":"Compare result: Passwords is consistent. local entities count is: 65 local entities hash is: W8yMNxtxrBeGfeINyZXd9Vo0EkA="}
{"logTime": "0227/160521", "correlationVector":"zYyPqYG67FMWjOOykz/h1i","action":"Commit Request", "result":"", "context":Item count: 5
Contributing types: Sessions, Device Info, User Consents}
{"logTime": "0227/160522", "correlationVector":"zYyPqYG67FMWjOOykz/h1i.1","action":"SyncServerConnectionManagerRequest", "result":"SYNC_SERVER_OK", "context":{"environment":"Prod_southeastasia_prod-s01-064-apac-southeastasia", "migrationStage":"NotStarted", "server":"akswtt00500002s"}}
{"logTime": "0227/160522", "correlationVector":"zYyPqYG67FMWjOOykz/h1i.2","action":"Commit Response", "result":"Success", "context":Result: Success. cV=zYyPqYG67FMWjOOykz/h1i.0;server=akswtt00500002s;cloudType=Consumer;environment=Prod_southeastasia_prod-s01-064-apac-southeastasia;migrationStage=NotStarted}
{"logTime": "0227/160522", "correlationVector":"","action":"DIAGNOSTIC_REQUEST|v1/diagnosticData/Diagnostic.SendCheckResult()|SUCCESS", "result":""}
{"logTime": "0227/160532", "correlationVector":"X+SyTCIa5aVRWcrJ+GEJmB","action":"Commit Request", "result":"", "context":Item count: 3
Contributing types: Preferences, Sessions, History}
{"logTime": "0227/160533", "correlationVector":"X+SyTCIa5aVRWcrJ+GEJmB.1","action":"SyncServerConnectionManagerRequest", "result":"SYNC_SERVER_OK", "context":{"environment":"Prod_southeastasia_prod-s01-064-apac-southeastasia", "migrationStage":"NotStarted", "server":"akswtt00500000b"}}
{"logTime": "0227/160533", "correlationVector":"X+SyTCIa5aVRWcrJ+GEJmB.2","action":"Commit Response", "result":"Success", "context":Result: Success. cV=X+SyTCIa5aVRWcrJ+GEJmB.0;server=akswtt00500000b;cloudType=Consumer;environment=Prod_southeastasia_prod-s01-064-apac-southeastasia;migrationStage=NotStarted}
{"logTime": "0227/160547", "correlationVector":"ridYU2WG709Ajgrn6N6GxR","action":"Commit Request", "result":"", "context":Item count: 1
Contributing types: Preferences}
{"logTime": "0227/160547", "correlationVector":"ridYU2WG709Ajgrn6N6GxR.1","action":"SyncServerConnectionManagerRequest", "result":"SYNC_SERVER_OK", "context":{"environment":"Prod_southeastasia_prod-s01-064-apac-southeastasia", "migrationStage":"NotStarted", "server":"akswtt00500001r"}}
{"logTime": "0227/160547", "correlationVector":"ridYU2WG709Ajgrn6N6GxR.2","action":"Commit Response", "result":"Success", "context":Result: Success. cV=ridYU2WG709Ajgrn6N6GxR.0;server=akswtt00500001r;cloudType=Consumer;environment=Prod_southeastasia_prod-s01-064-apac-southeastasia;migrationStage=NotStarted}
